c:\documents and settings\administrator\my documents\visual studio 2010\projects\bgi\debug\vc100.pdb
c:\documents and settings\administrator\my documents\visual studio 2010\projects\bgi\debug\bgiout.obj
c:\documents and settings\administrator\my documents\visual studio 2010\projects\bgi\debug\winthread.obj
c:\documents and settings\administrator\my documents\visual studio 2010\projects\bgi\debug\bgi.obj
c:\documents and settings\administrator\my documents\visual studio 2010\projects\bgi\debug\drawing.obj
c:\documents and settings\administrator\my documents\visual studio 2010\projects\bgi\debug\misc.obj
c:\documents and settings\administrator\my documents\visual studio 2010\projects\bgi\debug\mouse.obj
c:\documents and settings\administrator\my documents\visual studio 2010\projects\bgi\debug\palette.obj
c:\documents and settings\administrator\my documents\visual studio 2010\projects\bgi\debug\text.obj
c:\documents and settings\administrator\my documents\visual studio 2010\projects\bgi\debug\winbgi.obj
c:\documents and settings\administrator\my documents\visual studio 2010\projects\bgi\debug\dibutil.obj
c:\documents and settings\administrator\my documents\visual studio 2010\projects\bgi\debug\file.obj
c:\documents and settings\administrator\my documents\visual studio 2010\projects\bgi\debug\test-colors.obj
c:\documents and settings\administrator\my documents\visual studio 2010\projects\bgi\debug\main.obj
c:\documents and settings\administrator\my documents\visual studio 2010\projects\bgi\debug\bgi.ilk
c:\documents and settings\administrator\my documents\visual studio 2010\projects\bgi\debug\bgi.exe
c:\documents and settings\administrator\my documents\visual studio 2010\projects\bgi\debug\bgi.exe.intermediate.manifest
c:\documents and settings\administrator\my documents\visual studio 2010\projects\bgi\debug\bgi.pdb
f:\cv kkt pentru visual studio\bgi\debug\vc143.pdb
f:\cv kkt pentru visual studio\bgi\debug\vc143.idb
f:\cv kkt pentru visual studio\bgi\debug\winthread.obj
f:\cv kkt pentru visual studio\bgi\debug\winbgi.obj
f:\cv kkt pentru visual studio\bgi\debug\text.obj
f:\cv kkt pentru visual studio\bgi\debug\main.obj
f:\cv kkt pentru visual studio\bgi\debug\palette.obj
f:\cv kkt pentru visual studio\bgi\debug\mouse.obj
f:\cv kkt pentru visual studio\bgi\debug\misc.obj
f:\cv kkt pentru visual studio\bgi\debug\file.obj
f:\cv kkt pentru visual studio\bgi\debug\drawing.obj
f:\cv kkt pentru visual studio\bgi\debug\dibutil.obj
f:\cv kkt pentru visual studio\bgi\debug\bgiout.obj
f:\cv kkt pentru visual studio\bgi\debug\source.obj
f:\cv kkt pentru visual studio\bgi\debug\bgi.obj
f:\cv kkt pentru visual studio\bgi\debug\test-colors.obj
f:\cv kkt pentru visual studio\bgi\debug\cl.command.1.tlog
f:\cv kkt pentru visual studio\bgi\debug\cl.read.1.tlog
f:\cv kkt pentru visual studio\bgi\debug\cl.write.1.tlog
f:\cv kkt pentru visual studio\bgi\debug\link.command.1.tlog
f:\cv kkt pentru visual studio\bgi\debug\link.read.1.tlog
f:\cv kkt pentru visual studio\bgi\debug\link.write.1.tlog
f:\cv kkt pentru visual studio\bgi\debug\mt.command.1.tlog
f:\cv kkt pentru visual studio\bgi\debug\mt.read.1.tlog
f:\cv kkt pentru visual studio\bgi\debug\mt.write.1.tlog
f:\cv kkt pentru visual studio\bgi\debug\bgi.exe.intermediate.manifest
f:\cv kkt pentru visual studio\bgi\debug\vc100.idb
f:\cv kkt pentru visual studio\bgi\debug\bgi.pdb
f:\cv kkt pentru visual studio\bgi\debug\vc100.pdb
f:\cv kkt pentru visual studio\bgi\debug\bgi.tlog\cl.command.1.tlog
f:\cv kkt pentru visual studio\bgi\debug\bgi.tlog\cl.read.1.tlog
f:\cv kkt pentru visual studio\bgi\debug\bgi.tlog\cl.write.1.tlog
f:\cv kkt pentru visual studio\bgi\debug\bgi.tlog\link-cvtres.read.1.tlog
f:\cv kkt pentru visual studio\bgi\debug\bgi.tlog\link-cvtres.write.1.tlog
f:\cv kkt pentru visual studio\bgi\debug\bgi.tlog\link-rc.read.1.tlog
f:\cv kkt pentru visual studio\bgi\debug\bgi.tlog\link-rc.write.1.tlog
f:\cv kkt pentru visual studio\bgi\debug\bgi.tlog\link.command.1.tlog
f:\cv kkt pentru visual studio\bgi\debug\bgi.tlog\link.read.1.tlog
f:\cv kkt pentru visual studio\bgi\debug\bgi.tlog\link.write.1.tlog
